[2018-11-26 02:30:46,956] multiqc                                            [DEBUG  ]  No MultiQC config found: /usr/local/lib/python2.7/site-packages/multiqc_config.yaml
[2018-11-26 02:30:46,957] multiqc                                            [DEBUG  ]  No MultiQC config found: /root/.multiqc_config.yaml
[2018-11-26 02:30:46,957] multiqc                                            [DEBUG  ]  No MultiQC config found: multiqc_config.yaml
[2018-11-26 02:30:46,957] multiqc                                            [DEBUG  ]  Command used: /usr/local/bin/multiqc -n multiqc_report_rawfastq.html .
[2018-11-26 02:30:48,828] multiqc                                            [WARNING]  MultiQC Version v1.6 now available!
[2018-11-26 02:30:48,828] multiqc                                            [INFO   ]  This is MultiQC v1.4
[2018-11-26 02:30:48,913] multiqc                                            [DEBUG  ]  Command     : /usr/local/bin/multiqc -n multiqc_report_rawfastq.html .
[2018-11-26 02:30:48,913] multiqc                                            [DEBUG  ]  Working dir : /data
[2018-11-26 02:30:48,913] multiqc                                            [INFO   ]  Template    : default
[2018-11-26 02:30:48,913] multiqc                                            [INFO   ]  Searching '.'
[2018-11-26 02:30:48,915] multiqc                                            [DEBUG  ]  Analysing modules: afterqc, custom_content, conpair, peddy, methylQA, qualimap, preseq, quast, qorts, rna_seqc, rsem, rseqc, busco, goleft_indexcov, disambiguate, supernova, deeptools, sargasso, verifybamid, homer, macs2, theta2, snpeff, gatk, htseq, bcftools, featureCounts, picard, prokka, samblaster, samtools, bamtools, jellyfish, vcftools, bbmap, bismark, hicexplorer, hicup, salmon, kallisto, slamdunk, star, hisat2, tophat, bowtie2, bowtie1, leehom, adapterRemoval, cutadapt, flexbar, trimmomatic, skewer, sortmerna, biobloomtools, fastq_screen, fastqc, clusterflow, bcl2fastq, interop
[2018-11-26 02:30:48,915] multiqc                                            [DEBUG  ]  Using temporary directory for creating report: /tmp/tmpa8EBgo
[2018-11-26 02:30:49,091] multiqc                                            [DEBUG  ]  Ignoring file as matched an ignore pattern: SRR5385255.fastq.gz
[2018-11-26 02:30:49,101] multiqc                                            [DEBUG  ]  Ignoring file as matched an ignore pattern: SRR5385248.fastq.gz
[2018-11-26 02:30:49,101] multiqc                                            [DEBUG  ]  Ignoring file as matched an ignore pattern: SRR5385249.fastq.gz
[2018-11-26 02:30:49,101] multiqc                                            [DEBUG  ]  Ignoring file as matched an ignore pattern: SRR5385256.fastq.gz
[2018-11-26 02:30:49,101] multiqc                                            [DEBUG  ]  Ignoring file as matched an ignore pattern: SRR5385250.fastq.gz
[2018-11-26 02:30:49,112] multiqc                                            [DEBUG  ]  Ignoring file as matched an ignore pattern: SRR5385251.fastq.gz
[2018-11-26 02:30:49,118] multiqc                                            [DEBUG  ]  Ignoring file as matched an ignore pattern: SRR5385247.fastq.gz
[2018-11-26 02:30:49,119] multiqc                                            [DEBUG  ]  Ignoring file as matched an ignore pattern: SRR5385252.fastq.gz
[2018-11-26 02:30:50,802] multiqc                                            [DEBUG  ]  No samples found: afterqc
[2018-11-26 02:30:50,817] multiqc                                            [DEBUG  ]  No samples found: custom_content
[2018-11-26 02:30:50,836] multiqc                                            [DEBUG  ]  No samples found: conpair
[2018-11-26 02:30:50,845] multiqc                                            [DEBUG  ]  No samples found: peddy
[2018-11-26 02:30:50,851] multiqc                                            [DEBUG  ]  No samples found: methylQA
[2018-11-26 02:30:50,857] multiqc                                            [DEBUG  ]  No samples found: qualimap
[2018-11-26 02:30:50,861] multiqc                                            [DEBUG  ]  No samples found: preseq
[2018-11-26 02:30:50,865] multiqc                                            [DEBUG  ]  No samples found: quast
[2018-11-26 02:30:50,868] multiqc                                            [DEBUG  ]  No samples found: qorts
[2018-11-26 02:30:50,871] multiqc                                            [DEBUG  ]  No samples found: rna_seqc
[2018-11-26 02:30:50,874] multiqc                                            [DEBUG  ]  No samples found: rsem
[2018-11-26 02:30:50,878] multiqc                                            [DEBUG  ]  No samples found: rseqc
[2018-11-26 02:30:50,881] multiqc                                            [DEBUG  ]  No samples found: busco
[2018-11-26 02:30:50,884] multiqc                                            [DEBUG  ]  No samples found: goleft_indexcov
[2018-11-26 02:30:50,886] multiqc                                            [DEBUG  ]  No samples found: disambiguate
[2018-11-26 02:30:50,897] multiqc                                            [DEBUG  ]  No samples found: supernova
[2018-11-26 02:30:50,901] multiqc                                            [DEBUG  ]  No samples found: deeptools
[2018-11-26 02:30:50,904] multiqc                                            [DEBUG  ]  No samples found: sargasso
[2018-11-26 02:30:50,906] multiqc                                            [DEBUG  ]  No samples found: verifybamid
[2018-11-26 02:30:50,909] multiqc                                            [DEBUG  ]  No samples found: homer
[2018-11-26 02:30:50,912] multiqc                                            [DEBUG  ]  No samples found: macs2
[2018-11-26 02:30:50,914] multiqc                                            [DEBUG  ]  No samples found: theta2
[2018-11-26 02:30:50,918] multiqc                                            [DEBUG  ]  No samples found: snpeff
[2018-11-26 02:30:50,925] multiqc                                            [DEBUG  ]  No samples found: gatk
[2018-11-26 02:30:50,928] multiqc                                            [DEBUG  ]  No samples found: htseq
[2018-11-26 02:30:50,930] multiqc                                            [DEBUG  ]  No samples found: bcftools
[2018-11-26 02:30:50,933] multiqc                                            [DEBUG  ]  No samples found: featureCounts
[2018-11-26 02:30:50,937] multiqc                                            [DEBUG  ]  No samples found: picard
[2018-11-26 02:30:50,940] multiqc                                            [DEBUG  ]  No samples found: prokka
[2018-11-26 02:30:50,942] multiqc                                            [DEBUG  ]  No samples found: samblaster
[2018-11-26 02:30:50,945] multiqc                                            [DEBUG  ]  No samples found: samtools
[2018-11-26 02:30:50,948] multiqc                                            [DEBUG  ]  No samples found: bamtools
[2018-11-26 02:30:50,951] multiqc                                            [DEBUG  ]  No samples found: jellyfish
[2018-11-26 02:30:50,954] multiqc                                            [DEBUG  ]  No samples found: vcftools
[2018-11-26 02:30:50,958] multiqc                                            [DEBUG  ]  No samples found: bbmap
[2018-11-26 02:30:50,961] multiqc                                            [DEBUG  ]  No samples found: bismark
[2018-11-26 02:30:50,963] multiqc                                            [DEBUG  ]  No samples found: hicexplorer
[2018-11-26 02:30:50,966] multiqc                                            [DEBUG  ]  No samples found: hicup
[2018-11-26 02:30:50,970] multiqc.modules.salmon.salmon                      [INFO   ]  Found 8 meta reports
[2018-11-26 02:30:50,977] multiqc                                            [DEBUG  ]  No samples found: kallisto
[2018-11-26 02:30:50,979] multiqc                                            [DEBUG  ]  No samples found: slamdunk
[2018-11-26 02:30:50,982] multiqc                                            [DEBUG  ]  No samples found: star
[2018-11-26 02:30:50,984] multiqc                                            [DEBUG  ]  No samples found: hisat2
[2018-11-26 02:30:50,987] multiqc                                            [DEBUG  ]  No samples found: tophat
[2018-11-26 02:30:50,990] multiqc                                            [DEBUG  ]  No samples found: bowtie2
[2018-11-26 02:30:50,992] multiqc                                            [DEBUG  ]  No samples found: bowtie1
[2018-11-26 02:30:50,995] multiqc                                            [DEBUG  ]  No samples found: leehom
[2018-11-26 02:30:50,998] multiqc                                            [DEBUG  ]  No samples found: adapterRemoval
[2018-11-26 02:30:51,000] multiqc                                            [DEBUG  ]  No samples found: cutadapt
[2018-11-26 02:30:51,003] multiqc                                            [DEBUG  ]  No samples found: flexbar
[2018-11-26 02:30:51,005] multiqc                                            [DEBUG  ]  No samples found: trimmomatic
[2018-11-26 02:30:51,008] multiqc                                            [DEBUG  ]  No samples found: skewer
[2018-11-26 02:30:51,010] multiqc                                            [DEBUG  ]  No samples found: sortmerna
[2018-11-26 02:30:51,013] multiqc                                            [DEBUG  ]  No samples found: biobloomtools
[2018-11-26 02:30:51,015] multiqc                                            [DEBUG  ]  No samples found: fastq_screen
[2018-11-26 02:30:51,018] multiqc                                            [DEBUG  ]  No samples found: fastqc
[2018-11-26 02:30:51,021] multiqc                                            [DEBUG  ]  No samples found: clusterflow
[2018-11-26 02:30:51,024] multiqc                                            [DEBUG  ]  No samples found: bcl2fastq
[2018-11-26 02:30:51,026] multiqc                                            [DEBUG  ]  No samples found: interop
[2018-11-26 02:30:51,030] multiqc                                            [INFO   ]  Compressing plot data
[2018-11-26 02:30:51,037] multiqc                                            [INFO   ]  Report      : multiqc_report_rawfastq.html
[2018-11-26 02:30:51,037] multiqc                                            [INFO   ]  Data        : multiqc_report_rawfastq_data
[2018-11-26 02:30:51,037] multiqc                                            [DEBUG  ]  Moving data file from '/tmp/tmpa8EBgo/multiqc_data/multiqc_general_stats.txt' to '/data/multiqc_report_rawfastq_data'
[2018-11-26 02:30:51,038] multiqc                                            [DEBUG  ]  Moving data file from '/tmp/tmpa8EBgo/multiqc_data/multiqc_sources.txt' to '/data/multiqc_report_rawfastq_data'
[2018-11-26 02:30:51,038] multiqc                                            [DEBUG  ]  Moving data file from '/tmp/tmpa8EBgo/multiqc_data/multiqc_data.json' to '/data/multiqc_report_rawfastq_data'
[2018-11-26 02:30:51,038] multiqc                                            [DEBUG  ]  Moving data file from '/tmp/tmpa8EBgo/multiqc_data/multiqc_salmon.txt' to '/data/multiqc_report_rawfastq_data'
[2018-11-26 02:30:51,196] multiqc                                            [INFO   ]  MultiQC complete
